malloc: size=100, start=40554, end=40565
malloc: size=200, start=40641, end=40652
malloc: size=18446744073709551615, start=40027, end=40027
malloc: size=100, start=42189, end=42197
calloc: size=100, start=42182, end=42255
malloc: size=100, start=42038, end=42046
malloc: size=100, start=41823, end=41831
malloc: size=9960, start=42456, end=42484
malloc: size=100, start=41894, end=41906
malloc: size=1500000, start=42364, end=42364
malloc: size=10001, start=41195, end=41195
malloc: size=0, start=43362, end=43362
malloc: size=100, start=41493, end=41501
malloc: size=0, start=41887, end=41887
realloc (no move): size=16, start=43471, end=43479
malloc: size=100, start=50673, end=50681
malloc: size=200, start=50742, end=50750
malloc: size=18446744073709551615, start=42615, end=42615
malloc: size=100, start=42094, end=42102
calloc: size=100, start=42086, end=42159
malloc: size=100, start=41705, end=41713
malloc: size=100, start=44912, end=44920
malloc: size=9960, start=41019, end=41047
malloc: size=100, start=46531, end=46539
malloc: size=1, start=43911, end=43919
free: size=0, start=43984, end=43992
malloc: size=1500000, start=43661, end=43661
malloc: size=10001, start=42738, end=42738
malloc: size=0, start=43957, end=43957
malloc: size=100, start=42548, end=42556
malloc: size=0, start=42043, end=42043
realloc (no move): size=16, start=43243, end=43251
malloc: size=100, start=42487, end=42495
malloc: size=200, start=42554, end=42562
malloc: size=18446744073709551615, start=48615, end=48615
malloc: size=100, start=46690, end=46698
calloc: size=100, start=46682, end=46757
malloc: size=100, start=47308, end=47316
malloc: size=100, start=44917, end=44925
malloc: size=9960, start=42770, end=42800
malloc: size=100, start=43906, end=43913
malloc: size=1, start=42374, end=42382
free: size=0, start=42462, end=42470
malloc: size=1500000, start=43072, end=43072
malloc: size=10001, start=41564, end=41564
malloc: size=0, start=42168, end=42168
malloc: size=100, start=42684, end=42692
malloc: size=0, start=42539, end=42539
realloc (no move): size=16, start=42735, end=42742
malloc: size=100, start=41436, end=41444
malloc: size=200, start=41506, end=41514
malloc: size=18446744073709551615, start=40657, end=40657
malloc: size=100, start=43455, end=43464
calloc: size=100, start=43445, end=43534
malloc: size=100, start=41465, end=41478
malloc: size=100, start=42692, end=42700
malloc: size=9960, start=43799, end=43830
malloc: size=100, start=44058, end=44066
malloc: size=1, start=48559, end=48567
free: size=0, start=48630, end=48638
malloc: size=1500000, start=48814, end=48814
malloc: size=10001, start=44869, end=44869
malloc: size=0, start=46819, end=46819
malloc: size=100, start=42883, end=42891
malloc: size=0, start=51435, end=51435
realloc (no move): size=16, start=46910, end=46917
malloc: size=100, start=45202, end=45210
malloc: size=200, start=45268, end=45275
malloc: size=18446744073709551615, start=45264, end=45264
malloc: size=100, start=42890, end=42898
calloc: size=100, start=42883, end=42958
malloc: size=100, start=44103, end=44111
malloc: size=100, start=42344, end=42356
malloc: size=9960, start=40828, end=40858
malloc: size=100, start=42512, end=42520
malloc: size=1, start=43631, end=43639
free: size=0, start=43696, end=43704
malloc: size=100, start=47814, end=47822
malloc: size=200, start=47884, end=47891
malloc: size=300, start=47899, end=47912
malloc: size=1500000, start=43038, end=43038
malloc: size=10001, start=50443, end=50443
malloc: size=0, start=46576, end=46576
malloc: size=100, start=43672, end=43680
malloc: size=0, start=44408, end=44408
realloc (no move): size=16, start=42324, end=42332
malloc: size=100, start=40754, end=40762
malloc: size=200, start=40818, end=40825
malloc: size=18446744073709551615, start=42091, end=42091
malloc: size=100, start=42772, end=42779
calloc: size=100, start=42764, end=42842
malloc: size=100, start=40667, end=40674
malloc: size=100, start=47032, end=47040
malloc: size=9960, start=46670, end=46699
malloc: size=100, start=41309, end=41317
malloc: size=1, start=42569, end=42577
free: size=0, start=42634, end=42642
malloc: size=100, start=43494, end=43504
malloc: size=200, start=43575, end=43585
malloc: size=300, start=43594, end=43610
malloc: size=1500000, start=41149, end=41149
malloc: size=10001, start=44246, end=44246
malloc: size=0, start=48522, end=48522
malloc: size=100, start=46845, end=46853
malloc: size=0, start=48580, end=48580
realloc (no move): size=16, start=43184, end=43192
malloc: size=100, start=42108, end=42116
malloc: size=200, start=42175, end=42182
malloc: size=18446744073709551615, start=46216, end=46216
malloc: size=100, start=47558, end=47565
calloc: size=100, start=47550, end=47622
malloc: size=100, start=42606, end=42614
malloc: size=100, start=44400, end=44408
malloc: size=100, start=41536, end=41548
malloc: size=9960, start=48383, end=48413
malloc: size=1, start=46491, end=46502
free: size=0, start=46593, end=46601
malloc: size=100, start=46345, end=46353
malloc: size=200, start=46411, end=46419
malloc: size=300, start=46426, end=46439
malloc: size=1500000, start=47689, end=47689
malloc: size=10001, start=45733, end=45733
malloc: size=0, start=43837, end=43837
malloc: size=100, start=41598, end=41606
malloc: size=0, start=43195, end=43195
realloc (no move): size=16, start=42203, end=42211
malloc: size=100, start=39451, end=39459
malloc: size=200, start=39513, end=39525
malloc: size=10000, start=40701, end=40701
malloc: size=18446744073709551615, start=40618, end=40618
malloc: size=100, start=40631, end=40639
calloc: size=100, start=40624, end=40695
malloc: size=100, start=42710, end=42718
malloc: size=100, start=40747, end=40755
malloc: size=9960, start=41209, end=41238
malloc: size=100, start=43031, end=43039
malloc: size=1, start=41594, end=41602
free: size=0, start=41661, end=41669
malloc: size=100, start=40845, end=40853
malloc: size=200, start=40910, end=40923
malloc: size=300, start=40931, end=40938
malloc: size=1500000, start=43288, end=43288
malloc: size=10001, start=46574, end=46574
malloc: size=0, start=42393, end=42393
malloc: size=100, start=44843, end=44851
malloc: size=0, start=41214, end=41214
realloc (no move): size=16, start=45028, end=45036
malloc: size=100, start=40759, end=40782
malloc: size=200, start=40847, end=40856
malloc: size=10000, start=43934, end=43934
malloc: size=18446744073709551615, start=45355, end=45355
malloc: size=100, start=45560, end=45577
calloc: size=100, start=45552, end=45629
malloc: size=100, start=43930, end=43948
malloc: size=100, start=39181, end=39200
malloc: size=9960, start=42840, end=42869
malloc: size=100, start=41892, end=41912
malloc: size=1, start=41092, end=41100
free: size=0, start=41156, end=41163
malloc: size=100, start=40776, end=40795
malloc: size=200, start=40853, end=40860
malloc: size=300, start=40868, end=40875
malloc: size=1500000, start=46458, end=46458
malloc: size=10001, start=41928, end=41928
malloc: size=0, start=44024, end=44024
malloc: size=100, start=41660, end=41678
malloc: size=0, start=43196, end=43196
malloc: size=40, start=43057, end=43065
realloc (no move): size=20, start=43120, end=43128
realloc (no move): size=16, start=44062, end=44070
malloc: size=100, start=45656, end=45707
malloc: size=200, start=45761, end=45768
malloc: size=10000, start=40809, end=40809
malloc: size=18446744073709551615, start=40873, end=40873
malloc: size=100, start=40946, end=40968
calloc: size=100, start=40939, end=41018
malloc: size=100, start=42529, end=42590
malloc: size=100, start=42294, end=42318
malloc: size=9960, start=49495, end=49566
malloc: size=100, start=40569, end=40591
malloc: size=1, start=45404, end=45427
free: size=0, start=45478, end=45486
malloc: size=100, start=45987, end=46010
malloc: size=200, start=46062, end=46070
malloc: size=300, start=46078, end=46085
malloc: size=1500000, start=46391, end=46391
malloc: size=10001, start=42389, end=42389
malloc: size=0, start=42266, end=42266
malloc: size=100, start=45603, end=45625
malloc: size=0, start=44345, end=44345
malloc: size=20, start=42028, end=42056
malloc: size=40, start=42128, end=42137
realloc (move): size=40, start=42118, end=42182
malloc: size=40, start=43267, end=43290
realloc (no move): size=20, start=43342, end=43349
realloc (no move): size=16, start=40053, end=40061
malloc: size=100, start=40870, end=40878
malloc: size=200, start=40932, end=40940
malloc: size=10000, start=44312, end=44312
malloc: size=18446744073709551615, start=41220, end=41220
malloc: size=100, start=41403, end=41411
calloc: size=100, start=41396, end=41467
malloc: size=100, start=42026, end=42034
malloc: size=100, start=42666, end=42674
malloc: size=9960, start=41228, end=41251
malloc: size=100, start=43547, end=43555
malloc: size=1, start=41892, end=41900
free: size=0, start=41962, end=41969
malloc: size=100, start=43153, end=43161
malloc: size=200, start=43215, end=43222
malloc: size=300, start=43230, end=43238
malloc: size=1500000, start=39976, end=39976
malloc: size=10001, start=42650, end=42650
malloc: size=0, start=42691, end=42691
malloc: size=100, start=43135, end=43143
malloc: size=0, start=42732, end=42732
malloc: size=20, start=41703, end=41711
malloc: size=40, start=41773, end=41781
realloc (move): size=40, start=41766, end=41825
malloc: size=40, start=44119, end=44127
realloc (no move): size=20, start=44181, end=44189
realloc (no move): size=16, start=47416, end=47424
malloc: size=100, start=42801, end=42809
malloc: size=200, start=42866, end=42874
malloc: size=10000, start=41318, end=41318
malloc: size=18446744073709551615, start=43419, end=43419
malloc: size=100, start=41459, end=41467
calloc: size=100, start=41451, end=41523
malloc: size=100, start=44656, end=44670
malloc: size=100, start=44375, end=44383
malloc: size=100, start=47000, end=47008
malloc: size=9960, start=49796, end=49819
malloc: size=100, start=44721, end=44730
malloc: size=1, start=52760, end=52768
free: size=0, start=52832, end=52840
malloc: size=1500000, start=42476, end=42476
malloc: size=100, start=47648, end=47656
malloc: size=200, start=47711, end=47719
malloc: size=300, start=47726, end=47734
malloc: size=10001, start=42227, end=42227
malloc: size=0, start=44076, end=44076
malloc: size=100, start=43508, end=43516
malloc: size=0, start=41357, end=41357
malloc: size=20, start=43416, end=43424
malloc: size=40, start=43490, end=43497
realloc (move): size=40, start=43482, end=43539
malloc: size=40, start=42516, end=42525
realloc (no move): size=20, start=42591, end=42599
realloc (no move): size=16, start=43612, end=43620
malloc: size=100, start=40962, end=40970
malloc: size=200, start=41026, end=41034
malloc: size=300, start=41042, end=41049
malloc: size=150, start=41114, end=41131
malloc: size=100, start=43892, end=43928
malloc: size=200, start=43985, end=43993
malloc: size=10000, start=42744, end=42744
malloc: size=18446744073709551615, start=50512, end=50512
malloc: size=100, start=45128, end=45137
calloc: size=100, start=45118, end=45206
malloc: size=100, start=41919, end=41927
malloc: size=100, start=42761, end=42770
malloc: size=100, start=41271, end=41279
malloc: size=9960, start=41761, end=41786
malloc: size=100, start=44580, end=44589
malloc: size=1, start=46136, end=46149
free: size=0, start=46254, end=46265
malloc: size=100, start=46121, end=46129
malloc: size=200, start=46186, end=46194
malloc: size=300, start=46202, end=46210
malloc: size=1500000, start=43070, end=43070
malloc: size=10001, start=43663, end=43663
malloc: size=0, start=42411, end=42411
malloc: size=100, start=45112, end=45120
malloc: size=0, start=45287, end=45287
malloc: size=20, start=43441, end=43450
malloc: size=40, start=43515, end=43522
realloc (move): size=40, start=43507, end=43569
malloc: size=40, start=43340, end=43348
realloc (no move): size=20, start=43404, end=43412
realloc (no move): size=16, start=41570, end=41577
